# JRE version: OpenJDK Runtime Environment (8.0_152-b01) (build 1.8.0_152-release-915-b01)
# Java VM: OpenJDK 64-Bit Server VM (25.152-b01 mixed mode windows-amd64 compressed oops)
Heap:
 PSYoungGen      total 109056K, used 40615K [0x00000000e0000000, 0x00000000e9600000, 0x0000000100000000)
  eden space 95744K, 31% used [0x00000000e0000000,0x00000000e1d25128,0x00000000e5d80000)
  from space 13312K, 80% used [0x00000000e5d80000,0x00000000e6804cf0,0x00000000e6a80000)
  to   space 13824K, 0% used [0x00000000e8880000,0x00000000e8880000,0x00000000e9600000)
 ParOldGen       total 151552K, used 16485K [0x00000000a0000000, 0x00000000a9400000, 0x00000000e0000000)
  object space 151552K, 10% used [0x00000000a0000000,0x00000000a10194e8,0x00000000a9400000)
 Metaspace       used 45904K, capacity 46964K, committed 47320K, reserved 1089536K
  class space    used 6195K, capacity 6560K, committed 6656K, reserved 1048576K
GC Heap History (10 events):
Event: 3.557 GC heap before
{Heap before GC invocations=5 (full 1):
 PSYoungGen      total 57344K, used 49152K [0x00000000e0000000, 0x00000000e7000000, 0x0000000100000000)
  eden space 49152K, 100% used [0x00000000e0000000,0x00000000e3000000,0x00000000e3000000)
  from space 8192K, 0% used [0x00000000e3000000,0x00000000e3000000,0x00000000e3800000)
  to   space 8192K, 0% used [0x00000000e6800000,0x00000000e6800000,0x00000000e7000000)
 ParOldGen       total 89088K, used 8957K [0x00000000a0000000, 0x00000000a5700000, 0x00000000e0000000)
  object space 89088K, 10% used [0x00000000a0000000,0x00000000a08bf6a8,0x00000000a5700000)
 Metaspace       used 24479K, capacity 24940K, committed 25088K, reserved 1071104K
  class space    used 3370K, capacity 3537K, committed 3584K, reserved 1048576K
Event: 3.563 GC heap after
Heap after GC invocations=5 (full 1):
 PSYoungGen      total 74240K, used 5110K [0x00000000e0000000, 0x00000000e6d00000, 0x0000000100000000)
  eden space 69120K, 0% used [0x00000000e0000000,0x00000000e0000000,0x00000000e4380000)
  from space 5120K, 99% used [0x00000000e6800000,0x00000000e6cfdae0,0x00000000e6d00000)
  to   space 8192K, 0% used [0x00000000e5d00000,0x00000000e5d00000,0x00000000e6500000)
 ParOldGen       total 89088K, used 8965K [0x00000000a0000000, 0x00000000a5700000, 0x00000000e0000000)
  object space 89088K, 10% used [0x00000000a0000000,0x00000000a08c16a8,0x00000000a5700000)
 Metaspace       used 24479K, capacity 24940K, committed 25088K, reserved 1071104K
  class space    used 3370K, capacity 3537K, committed 3584K, reserved 1048576K
}
Event: 4.769 GC heap before
{Heap before GC invocations=6 (full 1):
 PSYoungGen      total 74240K, used 74230K [0x00000000e0000000, 0x00000000e6d00000, 0x0000000100000000)
  eden space 69120K, 100% used [0x00000000e0000000,0x00000000e4380000,0x00000000e4380000)
  from space 5120K, 99% used [0x00000000e6800000,0x00000000e6cfdae0,0x00000000e6d00000)
  to   space 8192K, 0% used [0x00000000e5d00000,0x00000000e5d00000,0x00000000e6500000)
 ParOldGen       total 89088K, used 8965K [0x00000000a0000000, 0x00000000a5700000, 0x00000000e0000000)
  object space 89088K, 10% used [0x00000000a0000000,0x00000000a08c16a8,0x00000000a5700000)
 Metaspace       used 29267K, capacity 30006K, committed 30336K, reserved 1075200K
  class space    used 4118K, capacity 4392K, committed 4480K, reserved 1048576K
Event: 4.779 GC heap after
Heap after GC invocations=6 (full 1):
 PSYoungGen      total 103424K, used 8160K [0x00000000e0000000, 0x00000000e7680000, 0x0000000100000000)
  eden space 95232K, 0% used [0x00000000e0000000,0x00000000e0000000,0x00000000e5d00000)
  from space 8192K, 99% used [0x00000000e5d00000,0x00000000e64f81e0,0x00000000e6500000)
  to   space 12288K, 0% used [0x00000000e6a80000,0x00000000e6a80000,0x00000000e7680000)
 ParOldGen       total 89088K, used 10718K [0x00000000a0000000, 0x00000000a5700000, 0x00000000e0000000)
  object space 89088K, 12% used [0x00000000a0000000,0x00000000a0a77aa0,0x00000000a5700000)
 Metaspace       used 29267K, capacity 30006K, committed 30336K, reserved 1075200K
  class space    used 4118K, capacity 4392K, committed 4480K, reserved 1048576K
}
Event: 6.410 GC heap before
{Heap before GC invocations=7 (full 1):
 PSYoungGen      total 103424K, used 90283K [0x00000000e0000000, 0x00000000e7680000, 0x0000000100000000)
  eden space 95232K, 86% used [0x00000000e0000000,0x00000000e5032c98,0x00000000e5d00000)
  from space 8192K, 99% used [0x00000000e5d00000,0x00000000e64f81e0,0x00000000e6500000)
  to   space 12288K, 0% used [0x00000000e6a80000,0x00000000e6a80000,0x00000000e7680000)
 ParOldGen       total 89088K, used 10718K [0x00000000a0000000, 0x00000000a5700000, 0x00000000e0000000)
  object space 89088K, 12% used [0x00000000a0000000,0x00000000a0a77aa0,0x00000000a5700000)
 Metaspace       used 34402K, capacity 35188K, committed 35416K, reserved 1079296K
  class space    used 4692K, capacity 4974K, committed 4992K, reserved 1048576K
Event: 6.420 GC heap after
Heap after GC invocations=7 (full 1):
 PSYoungGen      total 108032K, used 10533K [0x00000000e0000000, 0x00000000e9980000, 0x0000000100000000)
  eden space 95744K, 0% used [0x00000000e0000000,0x00000000e0000000,0x00000000e5d80000)
  from space 12288K, 85% used [0x00000000e6a80000,0x00000000e74c9648,0x00000000e7680000)
  to   space 13312K, 0% used [0x00000000e5d80000,0x00000000e5d80000,0x00000000e6a80000)
 ParOldGen       total 89088K, used 10798K [0x00000000a0000000, 0x00000000a5700000, 0x00000000e0000000)
  object space 89088K, 12% used [0x00000000a0000000,0x00000000a0a8bab0,0x00000000a5700000)
 Metaspace       used 34402K, capacity 35188K, committed 35416K, reserved 1079296K
  class space    used 4692K, capacity 4974K, committed 4992K, reserved 1048576K
}
Event: 6.420 GC heap before
{Heap before GC invocations=8 (full 2):
 PSYoungGen      total 108032K, used 10533K [0x00000000e0000000, 0x00000000e9980000, 0x0000000100000000)
  eden space 95744K, 0% used [0x00000000e0000000,0x00000000e0000000,0x00000000e5d80000)
  from space 12288K, 85% used [0x00000000e6a80000,0x00000000e74c9648,0x00000000e7680000)
  to   space 13312K, 0% used [0x00000000e5d80000,0x00000000e5d80000,0x00000000e6a80000)
 ParOldGen       total 89088K, used 10798K [0x00000000a0000000, 0x00000000a5700000, 0x00000000e0000000)
  object space 89088K, 12% used [0x00000000a0000000,0x00000000a0a8bab0,0x00000000a5700000)
 Metaspace       used 34402K, capacity 35188K, committed 35416K, reserved 1079296K
  class space    used 4692K, capacity 4974K, committed 4992K, reserved 1048576K
Event: 6.507 GC heap after
Heap after GC invocations=8 (full 2):
 PSYoungGen      total 108032K, used 0K [0x00000000e0000000, 0x00000000e9980000, 0x0000000100000000)
  eden space 95744K, 0% used [0x00000000e0000000,0x00000000e0000000,0x00000000e5d80000)
  from space 12288K, 0% used [0x00000000e6a80000,0x00000000e6a80000,0x00000000e7680000)
  to   space 13312K, 0% used [0x00000000e5d80000,0x00000000e5d80000,0x00000000e6a80000)
 ParOldGen       total 151552K, used 16477K [0x00000000a0000000, 0x00000000a9400000, 0x00000000e0000000)
  object space 151552K, 10% used [0x00000000a0000000,0x00000000a10174e8,0x00000000a9400000)
 Metaspace       used 34402K, capacity 35188K, committed 35416K, reserved 1079296K
  class space    used 4692K, capacity 4974K, committed 4992K, reserved 1048576K
}
Event: 7.557 GC heap before
{Heap before GC invocations=9 (full 2):
 PSYoungGen      total 108032K, used 95744K [0x00000000e0000000, 0x00000000e9980000, 0x0000000100000000)
  eden space 95744K, 100% used [0x00000000e0000000,0x00000000e5d80000,0x00000000e5d80000)
  from space 12288K, 0% used [0x00000000e6a80000,0x00000000e6a80000,0x00000000e7680000)
  to   space 13312K, 0% used [0x00000000e5d80000,0x00000000e5d80000,0x00000000e6a80000)
 ParOldGen       total 151552K, used 16477K [0x00000000a0000000, 0x00000000a9400000, 0x00000000e0000000)
  object space 151552K, 10% used [0x00000000a0000000,0x00000000a10174e8,0x00000000a9400000)
 Metaspace       used 41518K, capacity 42432K, committed 42712K, reserved 1085440K
  class space    used 5537K, capacity 5883K, committed 5888K, reserved 1048576K
Event: 7.567 GC heap after
Heap after GC invocations=9 (full 2):
 PSYoungGen      total 109056K, used 10771K [0x00000000e0000000, 0x00000000e9600000, 0x0000000100000000)
  eden space 95744K, 0% used [0x00000000e0000000,0x00000000e0000000,0x00000000e5d80000)
  from space 13312K, 80% used [0x00000000e5d80000,0x00000000e6804cf0,0x00000000e6a80000)
  to   space 13824K, 0% used [0x00000000e8880000,0x00000000e8880000,0x00000000e9600000)
 ParOldGen       total 151552K, used 16485K [0x00000000a0000000, 0x00000000a9400000, 0x00000000e0000000)
  object space 151552K, 10% used [0x00000000a0000000,0x00000000a10194e8,0x00000000a9400000)
 Metaspace       used 41518K, capacity 42432K, committed 42712K, reserved 1085440K
  class space    used 5537K, capacity 5883K, committed 5888K, reserved 1048576K
}

